npm verbose cli /Users/jhormanorozco/.local/share/fnm/node-versions/v22.21.1/installation/bin/node /Users/jhormanorozco/.local/state/fnm_multishells/2830_1775013763434/bin/npm
npm info using npm@11.10.0
npm info using node@v22.21.1
npm verbose title npm ci
npm verbose argv "ci" "--no-audit" "--no-fund" "--loglevel" "verbose"
npm verbose logfile logs-max:10 dir:/Users/jhormanorozco/.npm/_logs/2026-04-01T03_22_43_680Z-
npm verbose logfile /Users/jhormanorozco/.npm/_logs/2026-04-01T03_22_43_680Z-debug-0.log
npm http cache zustand@https://registry.npmjs.org/zustand/-/zustand-5.0.9.tgz 0ms (cache hit)
npm http cache zod-validation-error@https://registry.npmjs.org/zod-validation-error/-/zod-validation-error-4.0.2.tgz 0ms (cache hit)
npm http cache zod@https://registry.npmjs.org/zod/-/zod-4.2.1.tgz 0ms (cache hit)
npm http cache yocto-queue@https://registry.npmjs.org/yocto-queue/-/yocto-queue-0.1.0.tgz 0ms (cache hit)
npm http cache yargs-parser@https://registry.npmjs.org/yargs-parser/-/yargs-parser-21.1.1.tgz 0ms (cache hit)
npm http cache yallist@https://registry.npmjs.org/yallist/-/yallist-3.1.1.tgz 0ms (cache hit)
npm http cache yargs@https://registry.npmjs.org/yargs/-/yargs-17.7.2.tgz 0ms (cache hit)
npm http cache yaml@https://registry.npmjs.org/yaml/-/yaml-2.8.2.tgz 0ms (cache hit)
npm http cache xmlchars@https://registry.npmjs.org/xmlchars/-/xmlchars-2.2.0.tgz 0ms (cache hit)
npm http cache xml-name-validator@https://registry.npmjs.org/xml-name-validator/-/xml-name-validator-5.0.0.tgz 0ms (cache hit)
npm http cache y18n@https://registry.npmjs.org/y18n/-/y18n-5.0.8.tgz 0ms (cache hit)
npm http cache ws@https://registry.npmjs.org/ws/-/ws-8.18.3.tgz 0ms (cache hit)
npm http cache wrap-ansi@https://registry.npmjs.org/wrap-ansi/-/wrap-ansi-7.0.0.tgz 0ms (cache hit)
npm http cache wrap-ansi-cjs@https://registry.npmjs.org/wrap-ansi/-/wrap-ansi-7.0.0.tgz 0ms (cache hit)
npm http cache workbox-window@https://registry.npmjs.org/workbox-window/-/workbox-window-7.4.0.tgz 0ms (cache hit)
npm http cache workbox-streams@https://registry.npmjs.org/workbox-streams/-/workbox-streams-7.4.0.tgz 0ms (cache hit)
npm http cache workbox-strategies@https://registry.npmjs.org/workbox-strategies/-/workbox-strategies-7.4.0.tgz 0ms (cache hit)
npm http cache workbox-sw@https://registry.npmjs.org/workbox-sw/-/workbox-sw-7.4.0.tgz 0ms (cache hit)
npm http cache workbox-routing@https://registry.npmjs.org/workbox-routing/-/workbox-routing-7.4.0.tgz 0ms (cache hit)
npm http cache workbox-range-requests@https://registry.npmjs.org/workbox-range-requests/-/workbox-range-requests-7.4.0.tgz 0ms (cache hit)
npm http cache workbox-recipes@https://registry.npmjs.org/workbox-recipes/-/workbox-recipes-7.4.0.tgz 0ms (cache hit)
npm http cache workbox-precaching@https://registry.npmjs.org/workbox-precaching/-/workbox-precaching-7.4.0.tgz 0ms (cache hit)
npm http cache workbox-google-analytics@https://registry.npmjs.org/workbox-google-analytics/-/workbox-google-analytics-7.4.0.tgz 0ms (cache hit)
npm http cache workbox-expiration@https://registry.npmjs.org/workbox-expiration/-/workbox-expiration-7.4.0.tgz 0ms (cache hit)
npm http cache workbox-build@https://registry.npmjs.org/workbox-build/-/workbox-build-7.4.0.tgz 0ms (cache hit)
npm http cache why-is-node-running@https://registry.npmjs.org/why-is-node-running/-/why-is-node-running-2.3.0.tgz 0ms (cache hit)
... (log truncated for brevity) ...

added 685 packages in 31m
npm verbose cwd /Users/jhormanorozco/Documents/Personal-Projects/BJJ-BetSports/frontend
npm verbose os Darwin 25.4.0
npm verbose node v22.21.1
npm verbose npm  v11.10.0
npm verbose exit 0
npm info ok
npm verbose cli /Users/jhormanorozco/.local/share/fnm/node-versions/v22.21.1/installation/bin/node /Users/jhormanorozco/.local/state/fnm_multishells/2830_1775013763434/bin/npm
npm info using npm@11.10.0
npm info using node@v22.21.1
npm verbose title npm ci
npm verbose argv "ci" "--no-audit" "--no-fund" "--loglevel" "verbose"
npm verbose logfile logs-max:10 dir:/Users/jhormanorozco/.npm/_logs/2026-04-01T03_22_43_680Z-
npm verbose logfile /Users/jhormanorozco/.npm/_logs/2026-04-01T03_22_43_680Z-debug-0.log
npm http cache zustand@https://registry.npmjs.org/zustand/-/zustand-5.0.9.tgz 0ms (cache hit)
npm http cache zod-validation-error@https://registry.npmjs.org/zod-validation-error/-/zod-validation-error-4.0.2.tgz 0ms (cache hit)
npm http cache zod@https://registry.npmjs.org/zod/-/zod-4.2.1.tgz 0ms (cache hit)
npm http cache yocto-queue@https://registry.npmjs.org/yocto-queue/-/yocto-queue-0.1.0.tgz 0ms (cache hit)
npm http cache yargs-parser@https://registry.npmjs.org/yargs-parser/-/yargs-parser-21.1.1.tgz 0ms (cache hit)
npm http cache yallist@https://registry.npmjs.org/yallist/-/yallist-3.1.1.tgz 0ms (cache hit)
npm http cache yargs@https://registry.npmjs.org/yargs/-/yargs-17.7.2.tgz 0ms (cache hit)
npm http cache yaml@https://registry.npmjs.org/yaml/-/yaml-2.8.2.tgz 0ms (cache hit)
npm http cache xmlchars@https://registry.npmjs.org/xmlchars/-/xmlchars-2.2.0.tgz 0ms (cache hit)
npm http cache xml-name-validator@https://registry.npmjs.org/xml-name-validator/-/xml-name-validator-5.0.0.tgz 0ms (cache hit)
npm http cache y18n@https://registry.npmjs.org/y18n/-/y18n-5.0.8.tgz 0ms (cache hit)
npm http cache ws@https://registry.npmjs.org/ws/-/ws-8.18.3.tgz 0ms (cache hit)
npm http cache wrap-ansi@https://registry.npmjs.org/wrap-ansi/-/wrap-ansi-7.0.0.tgz 0ms (cache hit)
npm http cache wrap-ansi-cjs@https://registry.npmjs.org/wrap-ansi/-/wrap-ansi-7.0.0.tgz 0ms (cache hit)
npm http cache workbox-window@https://registry.npmjs.org/workbox-window/-/workbox-window-7.4.0.tgz 0ms (cache hit)
npm http cache workbox-streams@https://registry.npmjs.org/workbox-streams/-/workbox-streams-7.4.0.tgz 0ms (cache hit)
npm http cache workbox-strategies@https://registry.npmjs.org/workbox-strategies/-/workbox-strategies-7.4.0.tgz 0ms (cache hit)
npm http cache workbox-sw@https://registry.npmjs.org/workbox-sw/-/workbox-sw-7.4.0.tgz 0ms (cache hit)
npm http cache workbox-routing@https://registry.npmjs.org/workbox-routing/-/workbox-routing-7.4.0.tgz 0ms (cache hit)
npm http cache workbox-range-requests@https://registry.npmjs.org/workbox-range-requests/-/workbox-range-requests-7.4.0.tgz 0ms (cache hit)
npm http cache workbox-recipes@https://registry.npmjs.org/workbox-recipes/-/workbox-recipes-7.4.0.tgz 0ms (cache hit)
npm http cache workbox-precaching@https://registry.npmjs.org/workbox-precaching/-/workbox-precaching-7.4.0.tgz 0ms (cache hit)
npm http cache workbox-google-analytics@https://registry.npmjs.org/workbox-google-analytics/-/workbox-google-analytics-7.4.0.tgz 0ms (cache hit)
npm http cache workbox-expiration@https://registry.npmjs.org/workbox-expiration/-/workbox-expiration-7.4.0.tgz 0ms (cache hit)
npm http cache workbox-build@https://registry.npmjs.org/workbox-build/-/workbox-build-7.4.0.tgz 0ms (cache hit)
npm http cache why-is-node-running@https://registry.npmjs.org/why-is-node-running/-/why-is-node-running-2.3.0.tgz 0ms (cache hit)
... (log truncated)

added 685 packages in 31m
npm verbose cwd /Users/jhormanorozco/Documents/Personal-Projects/BJJ-BetSports/frontend
npm verbose os Darwin 25.4.0
npm verbose node v22.21.1
npm verbose npm  v11.10.0
npm verbose exit 0
npm info ok
